<?xml version="1.0" encoding="UTF-8"?>
<testng-results skipped="0" failed="1" total="1" passed="0">
  <reporter-output>
  </reporter-output>
  <suite name="Default suite" duration-ms="44348" started-at="2021-11-26T12:28:16Z" finished-at="2021-11-26T12:29:00Z">
    <groups>
    </groups>
    <test name="Default test" duration-ms="44348" started-at="2021-11-26T12:28:16Z" finished-at="2021-11-26T12:29:00Z">
      <class name="Project.Goal4">
        <test-method status="PASS" signature="setup()[pri:0, instance:Project.Goal4@3a03464]" name="setup" is-config="true" duration-ms="16382" started-at="2021-11-26T17:58:16Z" finished-at="2021-11-26T17:58:32Z">
          <reporter-output>
          </reporter-output>
        </test-method> <!-- setup -->
        <test-method status="FAIL" signature="verifyToDoList()[pri:0, instance:Project.Goal4@3a03464]" name="verifyToDoList" duration-ms="27931" started-at="2021-11-26T17:58:32Z" finished-at="2021-11-26T17:59:00Z">
          <exception class="org.openqa.selenium.NoSuchElementException">
            <message>
              <![CDATA[An element could not be located on the page using the given search parameters.
For documentation on this error, please visit: http://seleniumhq.org/exceptions/no_such_element.html
Build info: version: '3.141.0', revision: '2ecb7d9a', time: '2018-10-31T20:09:30'
System info: host: 'ASHWIN', ip: '192.168.0.105', os.name: 'Windows 10', os.arch: 'amd64', os.version: '10.0', java.version: '1.8.0_151'
Driver info: io.appium.java_client.android.AndroidDriver
Capabilities {appActivity: com.google.android.apps.chr..., appPackage: com.android.chrome, databaseEnabled: false, desired: {appActivity: com.google.android.apps.chr..., appPackage: com.android.chrome, deviceName: mobileSimulator, noReset: true, platformName: android}, deviceApiLevel: 28, deviceManufacturer: Google, deviceModel: AOSP on IA Emulator, deviceName: emulator-5554, deviceScreenDensity: 440, deviceScreenSize: 1080x2280, deviceUDID: emulator-5554, javascriptEnabled: true, locationContextEnabled: false, networkConnectionEnabled: true, noReset: true, pixelRatio: 2.75, platform: LINUX, platformName: Android, platformVersion: 9, statBarHeight: 135, takesScreenshot: true, viewportRect: {height: 1842, left: 0, top: 135, width: 1080}, warnings: {}, webStorageEnabled: false}
Session ID: f40981bb-678c-4221-9753-7ea253e3888a
*** Element info: {Using=id, value=taskInput}]]>
            </message>
            <full-stacktrace>
              <![CDATA[org.openqa.selenium.NoSuchElementException: An element could not be located on the page using the given search parameters.
For documentation on this error, please visit: http://seleniumhq.org/exceptions/no_such_element.html
Build info: version: '3.141.0', revision: '2ecb7d9a', time: '2018-10-31T20:09:30'
System info: host: 'ASHWIN', ip: '192.168.0.105', os.name: 'Windows 10', os.arch: 'amd64', os.version: '10.0', java.version: '1.8.0_151'
Driver info: io.appium.java_client.android.AndroidDriver
Capabilities {appActivity: com.google.android.apps.chr..., appPackage: com.android.chrome, databaseEnabled: false, desired: {appActivity: com.google.android.apps.chr..., appPackage: com.android.chrome, deviceName: mobileSimulator, noReset: true, platformName: android}, deviceApiLevel: 28, deviceManufacturer: Google, deviceModel: AOSP on IA Emulator, deviceName: emulator-5554, deviceScreenDensity: 440, deviceScreenSize: 1080x2280, deviceUDID: emulator-5554, javascriptEnabled: true, locationContextEnabled: false, networkConnectionEnabled: true, noReset: true, pixelRatio: 2.75, platform: LINUX, platformName: Android, platformVersion: 9, statBarHeight: 135, takesScreenshot: true, viewportRect: {height: 1842, left: 0, top: 135, width: 1080}, warnings: {}, webStorageEnabled: false}
Session ID: f40981bb-678c-4221-9753-7ea253e3888a
*** Element info: {Using=id, value=taskInput}
	at sun.reflect.NativeConstructorAccessorImpl.newInstance0(Native Method)
	at sun.reflect.NativeConstructorAccessorImpl.newInstance(NativeConstructorAccessorImpl.java:62)
	at sun.reflect.DelegatingConstructorAccessorImpl.newInstance(DelegatingConstructorAccessorImpl.java:45)
	at java.lang.reflect.Constructor.newInstance(Constructor.java:423)
	at org.openqa.selenium.remote.http.W3CHttpResponseCodec.createException(W3CHttpResponseCodec.java:187)
	at org.openqa.selenium.remote.http.W3CHttpResponseCodec.decode(W3CHttpResponseCodec.java:122)
	at org.openqa.selenium.remote.http.W3CHttpResponseCodec.decode(W3CHttpResponseCodec.java:49)
	at org.openqa.selenium.remote.HttpCommandExecutor.execute(HttpCommandExecutor.java:158)
	at io.appium.java_client.remote.AppiumCommandExecutor.execute(AppiumCommandExecutor.java:239)
	at org.openqa.selenium.remote.RemoteWebDriver.execute(RemoteWebDriver.java:552)
	at io.appium.java_client.DefaultGenericMobileDriver.execute(DefaultGenericMobileDriver.java:41)
	at io.appium.java_client.AppiumDriver.execute(AppiumDriver.java:1)
	at io.appium.java_client.android.AndroidDriver.execute(AndroidDriver.java:1)
	at org.openqa.selenium.remote.RemoteWebDriver.findElement(RemoteWebDriver.java:323)
	at io.appium.java_client.DefaultGenericMobileDriver.findElement(DefaultGenericMobileDriver.java:61)
	at io.appium.java_client.AppiumDriver.findElement(AppiumDriver.java:1)
	at io.appium.java_client.android.AndroidDriver.findElement(AndroidDriver.java:1)
	at org.openqa.selenium.remote.RemoteWebDriver.findElementById(RemoteWebDriver.java:372)
	at io.appium.java_client.DefaultGenericMobileDriver.findElementById(DefaultGenericMobileDriver.java:69)
	at io.appium.java_client.AppiumDriver.findElementById(AppiumDriver.java:1)
	at io.appium.java_client.android.AndroidDriver.findElementById(AndroidDriver.java:1)
	at org.openqa.selenium.By$ById.findElement(By.java:188)
	at org.openqa.selenium.remote.RemoteWebDriver.findElement(RemoteWebDriver.java:315)
	at io.appium.java_client.DefaultGenericMobileDriver.findElement(DefaultGenericMobileDriver.java:57)
	at io.appium.java_client.AppiumDriver.findElement(AppiumDriver.java:1)
	at io.appium.java_client.android.AndroidDriver.findElement(AndroidDriver.java:1)
	at Project.Goal4.verifyToDoList(Goal4.java:49)
	at sun.reflect.NativeMethodAccessorImpl.invoke0(Native Method)
	at sun.reflect.NativeMethodAccessorImpl.invoke(NativeMethodAccessorImpl.java:62)
	at sun.reflect.DelegatingMethodAccessorImpl.invoke(DelegatingMethodAccessorImpl.java:43)
	at java.lang.reflect.Method.invoke(Method.java:498)
	at org.testng.internal.MethodInvocationHelper.invokeMethod(MethodInvocationHelper.java:86)
	at org.testng.internal.Invoker.invokeMethod(Invoker.java:645)
	at org.testng.internal.Invoker.invokeTestMethod(Invoker.java:822)
	at org.testng.internal.Invoker.invokeTestMethods(Invoker.java:1130)
	at org.testng.internal.TestMethodWorker.invokeTestMethods(TestMethodWorker.java:129)
	at org.testng.internal.TestMethodWorker.run(TestMethodWorker.java:112)
	at org.testng.TestRunner.privateRun(TestRunner.java:782)
	at org.testng.TestRunner.run(TestRunner.java:632)
	at org.testng.SuiteRunner.runTest(SuiteRunner.java:366)
	at org.testng.SuiteRunner.runSequentially(SuiteRunner.java:361)
	at org.testng.SuiteRunner.privateRun(SuiteRunner.java:319)
	at org.testng.SuiteRunner.run(SuiteRunner.java:268)
	at org.testng.SuiteRunnerWorker.runSuite(SuiteRunnerWorker.java:52)
	at org.testng.SuiteRunnerWorker.run(SuiteRunnerWorker.java:86)
	at org.testng.TestNG.runSuitesSequentially(TestNG.java:1244)
	at org.testng.TestNG.runSuitesLocally(TestNG.java:1169)
	at org.testng.TestNG.run(TestNG.java:1064)
	at org.testng.remote.RemoteTestNG.run(RemoteTestNG.java:113)
	at org.testng.remote.RemoteTestNG.initAndRun(RemoteTestNG.java:206)
	at org.testng.remote.RemoteTestNG.main(RemoteTestNG.java:177)
]]>
            </full-stacktrace>
          </exception> <!-- org.openqa.selenium.NoSuchElementException -->
          <reporter-output>
          </reporter-output>
        </test-method> <!-- verifyToDoList -->
      </class> <!-- Project.Goal4 -->
    </test> <!-- Default test -->
  </suite> <!-- Default suite -->
</testng-results>
