<?xml version="1.0" encoding="UTF-8"?>
<!-- Generated by org.testng.reporters.JUnitXMLReporter -->
<testsuite hostname="Ashwin" name="Test" tests="9" failures="0" timestamp="4 Nov 2021 11:06:09 GMT" time="311.02" errors="0">
  <testcase name="addEmployee" time="81.837" classname="Activities.Activity5"/>
  <testcase name="addEmployee" time="24.68" classname="Activities.Activity4"/>
  <testcase name="callLogin" time="9.619" classname="Activities.Activity3"/>
  <testcase name="getHeaderUrl" time="11.109" classname="Activities.Activity2"/>
  <testcase name="getTitle" time="12.064" classname="Activities.Activity1"/>
  <testcase name="getEmergencyContacts" time="44.656" classname="Activities.Activity9"/>
  <testcase name="applyLeave" time="43.373" classname="Activities.Activity8"/>
  <testcase name="updateQualification" time="48.669" classname="Activities.Activity7"/>
  <testcase name="directoryMenuCheck" time="23.764" classname="Activities.Activity6"/>
</testsuite> <!-- Test -->
